GAS LISTING C:\Users\mauro\AppData\Local\Temp\/ccRioosR.s 			page 1


   1               		.file	"display.c"
   2               		.arch atmega2561
   3               	__SREG__ = 0x3f
   4               	__SP_H__ = 0x3e
   5               	__SP_L__ = 0x3d
   6               	__tmp_reg__ = 0
   7               	__zero_reg__ = 1
   8               		.global __do_copy_data
   9               		.global __do_clear_bss
  10               		.text
  11               	.global	LcdBackLight
  12               		.type	LcdBackLight, @function
  13               	LcdBackLight:
  14               	/* prologue: frame size=0 */
  15               	/* prologue end (size=0) */
  16 0000 8130      		cpi r24,lo8(1)
  17 0002 01F4      		brne .L2
  18 0004 739A      		sbi 46-0x20,3
  19 0006 0895      		ret
  20               	.L2:
  21 0008 8823      		tst r24
  22 000a 01F4      		brne .L6
  23 000c 7398      		cbi 46-0x20,3
  24               	.L6:
  25 000e 0895      		ret
  26               	/* epilogue: frame size=0 */
  27               	/* epilogue: noreturn */
  28               	/* epilogue end (size=0) */
  29               	/* function LcdBackLight size 8 (8) */
  30               		.size	LcdBackLight, .-LcdBackLight
  31               		.type	LcdWriteNibble, @function
  32               	LcdWriteNibble:
  33               	/* prologue: frame size=0 */
  34               	/* prologue end (size=0) */
  35 0010 9AB1      		in r25,42-0x20
  36 0012 9F70      		andi r25,lo8(15)
  37 0014 906F      		ori r25,lo8(-16)
  38 0016 9AB9      		out 42-0x20,r25
  39 0018 9BB1      		in r25,43-0x20
  40 001a 9F70      		andi r25,lo8(15)
  41 001c 607F      		andi r22,lo8(-16)
  42 001e 962B      		or r25,r22
  43 0020 9BB9      		out 43-0x20,r25
  44 0022 8230      		cpi r24,lo8(2)
  45 0024 01F4      		brne .L8
  46 0026 8A98      		cbi 49-0x20,2
  47 0028 00C0      		rjmp .L10
  48               	.L8:
  49 002a 8A9A      		sbi 49-0x20,2
  50               	.L10:
  51 002c 729A      		sbi 46-0x20,2
  52               	/* #APP */
  53 002e 0000      		nop
  54 0030 0000      		nop
  55               	/* #NOAPP */
  56 0032 7298      		cbi 46-0x20,2
  57 0034 8A98      		cbi 49-0x20,2
GAS LISTING C:\Users\mauro\AppData\Local\Temp\/ccRioosR.s 			page 2


  58 0036 8AB1      		in r24,42-0x20
  59 0038 8F70      		andi r24,lo8(15)
  60 003a 8AB9      		out 42-0x20,r24
  61 003c 8BB1      		in r24,43-0x20
  62 003e 8F70      		andi r24,lo8(15)
  63 0040 806F      		ori r24,lo8(-16)
  64 0042 8BB9      		out 43-0x20,r24
  65               	/* epilogue: frame size=0 */
  66 0044 0895      		ret
  67               	/* epilogue end (size=1) */
  68               	/* function LcdWriteNibble size 29 (28) */
  69               		.size	LcdWriteNibble, .-LcdWriteNibble
  70               	.global	LcdWriteByte
  71               		.type	LcdWriteByte, @function
  72               	LcdWriteByte:
  73               	/* prologue: frame size=0 */
  74 0046 0F93      		push r16
  75 0048 1F93      		push r17
  76               	/* prologue end (size=2) */
  77 004a 082F      		mov r16,r24
  78 004c 162F      		mov r17,r22
  79 004e 8A98      		cbi 49-0x20,2
  80 0050 899A      		sbi 49-0x20,1
  81               	.L13:
  82 0052 729A      		sbi 46-0x20,2
  83               	/* #APP */
  84 0054 0000      		nop
  85 0056 0000      		nop
  86               	/* #NOAPP */
  87 0058 4F99      		sbic 41-0x20,7
  88 005a 00C0      		rjmp .L13
  89 005c 7298      		cbi 46-0x20,2
  90 005e 8A98      		cbi 49-0x20,2
  91 0060 8998      		cbi 49-0x20,1
  92 0062 612F      		mov r22,r17
  93 0064 607F      		andi r22,lo8(-16)
  94 0066 802F      		mov r24,r16
  95 0068 0E94 0000 		call LcdWriteNibble
  96 006c 1295      		swap r17
  97 006e 107F      		andi r17,0xf0
  98 0070 612F      		mov r22,r17
  99 0072 802F      		mov r24,r16
 100 0074 0E94 0000 		call LcdWriteNibble
 101               	/* epilogue: frame size=0 */
 102 0078 1F91      		pop r17
 103 007a 0F91      		pop r16
 104 007c 0895      		ret
 105               	/* epilogue end (size=3) */
 106               	/* function LcdWriteByte size 30 (25) */
 107               		.size	LcdWriteByte, .-LcdWriteByte
 108               	.global	LcdChar
 109               		.type	LcdChar, @function
 110               	LcdChar:
 111               	/* prologue: frame size=0 */
 112               	/* prologue end (size=0) */
 113 007e 682F      		mov r22,r24
 114 0080 83E0      		ldi r24,lo8(3)
GAS LISTING C:\Users\mauro\AppData\Local\Temp\/ccRioosR.s 			page 3


 115 0082 0E94 0000 		call LcdWriteByte
 116               	/* epilogue: frame size=0 */
 117 0086 0895      		ret
 118               	/* epilogue end (size=1) */
 119               	/* function LcdChar size 5 (4) */
 120               		.size	LcdChar, .-LcdChar
 121               	.global	LcdLowLevelInit
 122               		.type	LcdLowLevelInit, @function
 123               	LcdLowLevelInit:
 124               	/* prologue: frame size=0 */
 125 0088 1F93      		push r17
 126               	/* prologue end (size=1) */
 127 008a 8CE8      		ldi r24,lo8(-116)
 128 008c 0E94 0000 		call NutDelay
 129 0090 10E0      		ldi r17,lo8(0)
 130               	.L21:
 131 0092 63E3      		ldi r22,lo8(51)
 132 0094 82E0      		ldi r24,lo8(2)
 133 0096 0E94 0000 		call LcdWriteNibble
 134 009a 84E0      		ldi r24,lo8(4)
 135 009c 0E94 0000 		call NutDelay
 136 00a0 1F5F      		subi r17,lo8(-(1))
 137 00a2 1330      		cpi r17,lo8(3)
 138 00a4 01F4      		brne .L21
 139 00a6 62E2      		ldi r22,lo8(34)
 140 00a8 82E0      		ldi r24,lo8(2)
 141 00aa 0E94 0000 		call LcdWriteNibble
 142 00ae 81E0      		ldi r24,lo8(1)
 143 00b0 0E94 0000 		call NutDelay
 144 00b4 68E2      		ldi r22,lo8(40)
 145 00b6 82E0      		ldi r24,lo8(2)
 146 00b8 0E94 0000 		call LcdWriteByte
 147 00bc 85E0      		ldi r24,lo8(5)
 148 00be 0E94 0000 		call NutDelay
 149 00c2 6CE0      		ldi r22,lo8(12)
 150 00c4 82E0      		ldi r24,lo8(2)
 151 00c6 0E94 0000 		call LcdWriteByte
 152 00ca 85E0      		ldi r24,lo8(5)
 153 00cc 0E94 0000 		call NutDelay
 154 00d0 61E0      		ldi r22,lo8(1)
 155 00d2 82E0      		ldi r24,lo8(2)
 156 00d4 0E94 0000 		call LcdWriteByte
 157 00d8 85E0      		ldi r24,lo8(5)
 158 00da 0E94 0000 		call NutDelay
 159 00de 66E0      		ldi r22,lo8(6)
 160 00e0 82E0      		ldi r24,lo8(2)
 161 00e2 0E94 0000 		call LcdWriteByte
 162 00e6 60E8      		ldi r22,lo8(-128)
 163 00e8 82E0      		ldi r24,lo8(2)
 164 00ea 0E94 0000 		call LcdWriteByte
 165               	/* epilogue: frame size=0 */
 166 00ee 1F91      		pop r17
 167 00f0 0895      		ret
 168               	/* epilogue end (size=2) */
 169               	/* function LcdLowLevelInit size 53 (50) */
 170               		.size	LcdLowLevelInit, .-LcdLowLevelInit
 171               	.global	ClearLcd
GAS LISTING C:\Users\mauro\AppData\Local\Temp\/ccRioosR.s 			page 4


 172               		.type	ClearLcd, @function
 173               	ClearLcd:
 174               	/* prologue: frame size=0 */
 175               	/* prologue end (size=0) */
 176 00f2 61E0      		ldi r22,lo8(1)
 177 00f4 82E0      		ldi r24,lo8(2)
 178 00f6 0E94 0000 		call LcdWriteByte
 179 00fa 85E0      		ldi r24,lo8(5)
 180 00fc 0E94 0000 		call NutDelay
 181               	/* epilogue: frame size=0 */
 182 0100 0895      		ret
 183               	/* epilogue end (size=1) */
 184               	/* function ClearLcd size 8 (7) */
 185               		.size	ClearLcd, .-ClearLcd
 186               	/* File "source/display.c": code  133 = 0x0085 ( 122), prologues   3, epilogues   8 */
GAS LISTING C:\Users\mauro\AppData\Local\Temp\/ccRioosR.s 			page 5


DEFINED SYMBOLS
                            *ABS*:00000000 display.c
C:\Users\mauro\AppData\Local\Temp\/ccRioosR.s:3      *ABS*:0000003f __SREG__
C:\Users\mauro\AppData\Local\Temp\/ccRioosR.s:4      *ABS*:0000003e __SP_H__
C:\Users\mauro\AppData\Local\Temp\/ccRioosR.s:5      *ABS*:0000003d __SP_L__
C:\Users\mauro\AppData\Local\Temp\/ccRioosR.s:6      *ABS*:00000000 __tmp_reg__
C:\Users\mauro\AppData\Local\Temp\/ccRioosR.s:7      *ABS*:00000001 __zero_reg__
C:\Users\mauro\AppData\Local\Temp\/ccRioosR.s:13     .text:00000000 LcdBackLight
C:\Users\mauro\AppData\Local\Temp\/ccRioosR.s:32     .text:00000010 LcdWriteNibble
C:\Users\mauro\AppData\Local\Temp\/ccRioosR.s:72     .text:00000046 LcdWriteByte
C:\Users\mauro\AppData\Local\Temp\/ccRioosR.s:110    .text:0000007e LcdChar
C:\Users\mauro\AppData\Local\Temp\/ccRioosR.s:123    .text:00000088 LcdLowLevelInit
C:\Users\mauro\AppData\Local\Temp\/ccRioosR.s:173    .text:000000f2 ClearLcd

UNDEFINED SYMBOLS
__do_copy_data
__do_clear_bss
NutDelay
