GAS LISTING C:\Users\mauro\AppData\Local\Temp\/ccVsQMqi.s 			page 1


   1               		.file	"mmc.c"
   2               		.arch atmega2561
   3               	__SREG__ = 0x3f
   4               	__SP_H__ = 0x3e
   5               	__SP_L__ = 0x3d
   6               	__tmp_reg__ = 0
   7               	__zero_reg__ = 1
   8               		.global __do_copy_data
   9               		.global __do_clear_bss
  10               		.text
  11               	.global	CardCheckCard
  12               		.type	CardCheckCard, @function
  13               	CardCheckCard:
  14               	/* prologue: frame size=0 */
  15               	/* prologue end (size=0) */
  16 0000 8091 0000 		lds r24,CardState
  17 0004 9091 0000 		lds r25,(CardState)+1
  18 0008 8130      		cpi r24,1
  19 000a 9105      		cpc r25,__zero_reg__
  20 000c 01F0      		breq .L4
  21 000e 8130      		cpi r24,1
  22 0010 9105      		cpc r25,__zero_reg__
  23 0012 00F0      		brlo .L3
  24 0014 8230      		cpi r24,2
  25 0016 9105      		cpc r25,__zero_reg__
  26 0018 01F0      		breq .L5
  27 001a 0397      		sbiw r24,3
  28 001c 01F4      		brne .L2
  29 001e 00C0      		rjmp .L6
  30               	.L3:
  31 0020 7899      		sbic 47-0x20,0
  32 0022 00C0      		rjmp .L2
  33 0024 81E0      		ldi r24,lo8(1)
  34 0026 8093 0000 		sts ValidateCounter,r24
  35 002a 81E0      		ldi r24,lo8(1)
  36 002c 90E0      		ldi r25,hi8(1)
  37 002e 00C0      		rjmp .L15
  38               	.L4:
  39 0030 7899      		sbic 47-0x20,0
  40 0032 00C0      		rjmp .L9
  41 0034 8091 0000 		lds r24,ValidateCounter
  42 0038 8F5F      		subi r24,lo8(-(1))
  43 003a 8093 0000 		sts ValidateCounter,r24
  44 003e 8E31      		cpi r24,lo8(30)
  45 0040 01F4      		brne .L2
  46 0042 81E0      		ldi r24,lo8(1)
  47 0044 8093 0000 		sts CardPresentFlag,r24
  48 0048 82E0      		ldi r24,lo8(2)
  49 004a 90E0      		ldi r25,hi8(2)
  50 004c 9093 0000 		sts (CardState)+1,r25
  51 0050 8093 0000 		sts CardState,r24
  52 0054 81E0      		ldi r24,lo8(1)
  53 0056 00C0      		rjmp .L8
  54               	.L9:
  55 0058 1092 0000 		sts (CardState)+1,__zero_reg__
  56 005c 1092 0000 		sts CardState,__zero_reg__
  57 0060 00C0      		rjmp .L2
GAS LISTING C:\Users\mauro\AppData\Local\Temp\/ccVsQMqi.s 			page 2


  58               	.L5:
  59 0062 789B      		sbis 47-0x20,0
  60 0064 00C0      		rjmp .L2
  61 0066 81E0      		ldi r24,lo8(1)
  62 0068 8093 0000 		sts ValidateCounter,r24
  63 006c 83E0      		ldi r24,lo8(3)
  64 006e 90E0      		ldi r25,hi8(3)
  65               	.L15:
  66 0070 9093 0000 		sts (CardState)+1,r25
  67 0074 8093 0000 		sts CardState,r24
  68 0078 00C0      		rjmp .L2
  69               	.L6:
  70 007a 8091 0000 		lds r24,ValidateCounter
  71 007e 8F5F      		subi r24,lo8(-(1))
  72 0080 8093 0000 		sts ValidateCounter,r24
  73 0084 8431      		cpi r24,lo8(20)
  74 0086 01F4      		brne .L2
  75 0088 1092 0000 		sts CardPresentFlag,__zero_reg__
  76 008c 1092 0000 		sts (CardState)+1,__zero_reg__
  77 0090 1092 0000 		sts CardState,__zero_reg__
  78 0094 80E0      		ldi r24,lo8(0)
  79 0096 00C0      		rjmp .L8
  80               	.L2:
  81 0098 82E0      		ldi r24,lo8(2)
  82               	.L8:
  83 009a 9927      		clr r25
  84               	/* epilogue: frame size=0 */
  85 009c 0895      		ret
  86               	/* epilogue end (size=1) */
  87               	/* function CardCheckCard size 80 (79) */
  88               		.size	CardCheckCard, .-CardCheckCard
  89               	.global	CardCheckPresent
  90               		.type	CardCheckPresent, @function
  91               	CardCheckPresent:
  92               	/* prologue: frame size=0 */
  93               	/* prologue end (size=0) */
  94 009e 8091 0000 		lds r24,CardPresentFlag
  95 00a2 9927      		clr r25
  96               	/* epilogue: frame size=0 */
  97 00a4 0895      		ret
  98               	/* epilogue end (size=1) */
  99               	/* function CardCheckPresent size 4 (3) */
 100               		.size	CardCheckPresent, .-CardCheckPresent
 101               	.global	CardStatus
 102               		.type	CardStatus, @function
 103               	CardStatus:
 104               	/* prologue: frame size=0 */
 105               	/* prologue end (size=0) */
 106 00a6 8091 0000 		lds r24,g_tStatus
 107 00aa 9091 0000 		lds r25,(g_tStatus)+1
 108               	/* epilogue: frame size=0 */
 109 00ae 0895      		ret
 110               	/* epilogue end (size=1) */
 111               	/* function CardStatus size 5 (4) */
 112               		.size	CardStatus, .-CardStatus
 113               	.global	CardClose
 114               		.type	CardClose, @function
GAS LISTING C:\Users\mauro\AppData\Local\Temp\/ccVsQMqi.s 			page 3


 115               	CardClose:
 116               	/* prologue: frame size=0 */
 117               	/* prologue end (size=0) */
 118               	/* epilogue: frame size=0 */
 119 00b0 0895      		ret
 120               	/* epilogue end (size=1) */
 121               	/* function CardClose size 1 (0) */
 122               		.size	CardClose, .-CardClose
 123               	.global	CardInit
 124               		.type	CardInit, @function
 125               	CardInit:
 126               	/* prologue: frame size=10 */
 127 00b2 0F93      		push r16
 128 00b4 1F93      		push r17
 129 00b6 CF93      		push r28
 130 00b8 DF93      		push r29
 131 00ba CDB7      		in r28,__SP_L__
 132 00bc DEB7      		in r29,__SP_H__
 133 00be 2A97      		sbiw r28,10
 134 00c0 0FB6      		in __tmp_reg__,__SREG__
 135 00c2 F894      		cli
 136 00c4 DEBF      		out __SP_H__,r29
 137 00c6 0FBE      		out __SREG__,__tmp_reg__
 138 00c8 CDBF      		out __SP_L__,r28
 139               	/* prologue end (size=12) */
 140 00ca 1092 0000 		sts (CardState)+1,__zero_reg__
 141 00ce 1092 0000 		sts CardState,__zero_reg__
 142 00d2 1092 0000 		sts CardPresentFlag,__zero_reg__
 143 00d6 60E0      		ldi r22,lo8(__c.2565)
 144 00d8 70E0      		ldi r23,hi8(__c.2565)
 145 00da 8E01      		movw r16,r28
 146 00dc 0F5F      		subi r16,lo8(-(1))
 147 00de 1F4F      		sbci r17,hi8(-(1))
 148 00e0 C801      		movw r24,r16
 149 00e2 0E94 0000 		call strcpy_P
 150 00e6 C801      		movw r24,r16
 151 00e8 0E94 0000 		call GetThreadByName
 152 00ec 892B      		or r24,r25
 153 00ee 01F4      		brne .L26
 154 00f0 20E0      		ldi r18,lo8(768)
 155 00f2 33E0      		ldi r19,hi8(768)
 156 00f4 40E0      		ldi r20,lo8(0)
 157 00f6 50E0      		ldi r21,hi8(0)
 158 00f8 60E0      		ldi r22,lo8(gs(CardPresent))
 159 00fa 70E0      		ldi r23,hi8(gs(CardPresent))
 160 00fc C801      		movw r24,r16
 161 00fe 0E94 0000 		call NutThreadCreate
 162 0102 892B      		or r24,r25
 163 0104 01F4      		brne .L26
 164 0106 80E0      		ldi r24,lo8(__c.2567)
 165 0108 90E0      		ldi r25,hi8(__c.2567)
 166 010a 9F93      		push r25
 167 010c 8F93      		push r24
 168 010e 80EE      		ldi r24,lo8(-32)
 169 0110 8F93      		push r24
 170 0112 0E94 0000 		call LogMsg_P
 171 0116 0F90      		pop __tmp_reg__
GAS LISTING C:\Users\mauro\AppData\Local\Temp\/ccVsQMqi.s 			page 4


 172 0118 0F90      		pop __tmp_reg__
 173 011a 0F90      	 	pop __tmp_reg__
 174               	.L26:
 175               	/* epilogue: frame size=10 */
 176 011c 2A96      		adiw r28,10
 177 011e 0FB6      		in __tmp_reg__,__SREG__
 178 0120 F894      		cli
 179 0122 DEBF      		out __SP_H__,r29
 180 0124 0FBE      		out __SREG__,__tmp_reg__
 181 0126 CDBF      		out __SP_L__,r28
 182 0128 DF91      		pop r29
 183 012a CF91      		pop r28
 184 012c 1F91      		pop r17
 185 012e 0F91      		pop r16
 186 0130 0895      		ret
 187               	/* epilogue end (size=11) */
 188               	/* function CardInit size 64 (41) */
 189               		.size	CardInit, .-CardInit
 190               	.global	CardInitCard
 191               		.type	CardInitCard, @function
 192               	CardInitCard:
 193               	/* prologue: frame size=10 */
 194 0132 FF92      		push r15
 195 0134 0F93      		push r16
 196 0136 1F93      		push r17
 197 0138 CF93      		push r28
 198 013a DF93      		push r29
 199 013c CDB7      		in r28,__SP_L__
 200 013e DEB7      		in r29,__SP_H__
 201 0140 2A97      		sbiw r28,10
 202 0142 0FB6      		in __tmp_reg__,__SREG__
 203 0144 F894      		cli
 204 0146 DEBF      		out __SP_H__,r29
 205 0148 0FBE      		out __SREG__,__tmp_reg__
 206 014a CDBF      		out __SP_L__,r28
 207               	/* prologue end (size=13) */
 208 014c 80E0      		ldi r24,lo8(devFAT+2)
 209 014e 90E0      		ldi r25,hi8(devFAT+2)
 210 0150 0E94 0000 		call NutDeviceLookup
 211 0154 892B      		or r24,r25
 212 0156 01F4      		brne .L28
 213 0158 80E0      		ldi r24,lo8(__c.2514)
 214 015a 90E0      		ldi r25,hi8(__c.2514)
 215 015c 9F93      		push r25
 216 015e 8F93      		push r24
 217 0160 83EE      		ldi r24,lo8(-29)
 218 0162 8F93      		push r24
 219 0164 0E94 0000 		call LogMsg_P
 220 0168 80E0      		ldi r24,lo8(0)
 221 016a 0E94 0000 		call VsPlayerInterrupts
 222 016e F82E      		mov r15,r24
 223 0170 40E0      		ldi r20,lo8(0)
 224 0172 67E0      		ldi r22,lo8(7)
 225 0174 70E0      		ldi r23,hi8(7)
 226 0176 80E0      		ldi r24,lo8(devFAT)
 227 0178 90E0      		ldi r25,hi8(devFAT)
 228 017a 0E94 0000 		call NutRegisterDevice
GAS LISTING C:\Users\mauro\AppData\Local\Temp\/ccVsQMqi.s 			page 5


 229 017e 8C01      		movw r16,r24
 230 0180 0F90      		pop __tmp_reg__
 231 0182 0F90      		pop __tmp_reg__
 232 0184 0F90      	 	pop __tmp_reg__
 233 0186 892B      		or r24,r25
 234 0188 01F4      		brne .L38
 235 018a 40E0      		ldi r20,lo8(0)
 236 018c 67E0      		ldi r22,lo8(7)
 237 018e 70E0      		ldi r23,hi8(7)
 238 0190 80E0      		ldi r24,lo8(devFATMMC0)
 239 0192 90E0      		ldi r25,hi8(devFATMMC0)
 240 0194 0E94 0000 		call NutRegisterDevice
 241 0198 8C01      		movw r16,r24
 242 019a 00C0      		rjmp .L38
 243               	.L28:
 244 019c 80E0      		ldi r24,lo8(__c.2516)
 245 019e 90E0      		ldi r25,hi8(__c.2516)
 246 01a0 9F93      		push r25
 247 01a2 8F93      		push r24
 248 01a4 83EE      		ldi r24,lo8(-29)
 249 01a6 8F93      		push r24
 250 01a8 0E94 0000 		call LogMsg_P
 251 01ac 0E94 0000 		call FATRelease
 252 01b0 80E0      		ldi r24,lo8(0)
 253 01b2 0E94 0000 		call VsPlayerInterrupts
 254 01b6 F82E      		mov r15,r24
 255 01b8 E091 0000 		lds r30,devFAT+19
 256 01bc F091 0000 		lds r31,(devFAT+19)+1
 257 01c0 0F90      		pop __tmp_reg__
 258 01c2 0F90      		pop __tmp_reg__
 259 01c4 0F90      	 	pop __tmp_reg__
 260 01c6 3097      		sbiw r30,0
 261 01c8 01F0      		breq .L33
 262 01ca 80E0      		ldi r24,lo8(devFAT)
 263 01cc 90E0      		ldi r25,hi8(devFAT)
 264 01ce 1995      		eicall
 265 01d0 892B      		or r24,r25
 266 01d2 01F4      		brne .L35
 267               	.L33:
 268 01d4 E091 0000 		lds r30,devFATMMC0+19
 269 01d8 F091 0000 		lds r31,(devFATMMC0+19)+1
 270 01dc 3097      		sbiw r30,0
 271 01de 01F0      		breq .L36
 272 01e0 80E0      		ldi r24,lo8(devFATMMC0)
 273 01e2 90E0      		ldi r25,hi8(devFATMMC0)
 274 01e4 1995      		eicall
 275 01e6 892B      		or r24,r25
 276 01e8 01F0      		breq .L36
 277               	.L35:
 278 01ea 0FEF      		ldi r16,lo8(-1)
 279 01ec 1FEF      		ldi r17,hi8(-1)
 280 01ee 00C0      		rjmp .L38
 281               	.L36:
 282 01f0 00E0      		ldi r16,lo8(0)
 283 01f2 10E0      		ldi r17,hi8(0)
 284               	.L38:
 285 01f4 8F2D      		mov r24,r15
GAS LISTING C:\Users\mauro\AppData\Local\Temp\/ccVsQMqi.s 			page 6


 286 01f6 0E94 0000 		call VsPlayerInterrupts
 287 01fa 0115      		cp r16,__zero_reg__
 288 01fc 1105      		cpc r17,__zero_reg__
 289 01fe 01F4      		brne .L39
 290 0200 80E0      		ldi r24,lo8(__c.2519)
 291 0202 90E0      		ldi r25,hi8(__c.2519)
 292 0204 9F93      		push r25
 293 0206 8F93      		push r24
 294 0208 86EE      		ldi r24,lo8(-26)
 295 020a 8F93      		push r24
 296 020c 0E94 0000 		call LogMsg_P
 297 0210 60E0      		ldi r22,lo8(0)
 298 0212 70E0      		ldi r23,hi8(0)
 299 0214 CE01      		movw r24,r28
 300 0216 0196      		adiw r24,1
 301 0218 0E94 0000 		call _open
 302 021c 0F90      		pop __tmp_reg__
 303 021e 0F90      		pop __tmp_reg__
 304 0220 0F90      	 	pop __tmp_reg__
 305 0222 2FEF      		ldi r18,hi8(-1)
 306 0224 8F3F      		cpi r24,lo8(-1)
 307 0226 9207      		cpc r25,r18
 308 0228 01F0      		breq .L41
 309 022a 0E94 0000 		call _close
 310 022e 00C0      		rjmp .L41
 311               	.L39:
 312 0230 80E0      		ldi r24,lo8(__c.2521)
 313 0232 90E0      		ldi r25,hi8(__c.2521)
 314 0234 9F93      		push r25
 315 0236 8F93      		push r24
 316 0238 83EE      		ldi r24,lo8(-29)
 317 023a 8F93      		push r24
 318 023c 0E94 0000 		call LogMsg_P
 319 0240 0F90      		pop __tmp_reg__
 320 0242 0F90      		pop __tmp_reg__
 321 0244 0F90      	 	pop __tmp_reg__
 322               	.L41:
 323 0246 C801      		movw r24,r16
 324               	/* epilogue: frame size=10 */
 325 0248 2A96      		adiw r28,10
 326 024a 0FB6      		in __tmp_reg__,__SREG__
 327 024c F894      		cli
 328 024e DEBF      		out __SP_H__,r29
 329 0250 0FBE      		out __SREG__,__tmp_reg__
 330 0252 CDBF      		out __SP_L__,r28
 331 0254 DF91      		pop r29
 332 0256 CF91      		pop r28
 333 0258 1F91      		pop r17
 334 025a 0F91      		pop r16
 335 025c FF90      		pop r15
 336 025e 0895      		ret
 337               	/* epilogue end (size=12) */
 338               	/* function CardInitCard size 151 (126) */
 339               		.size	CardInitCard, .-CardInitCard
 340               	.global	CardPresent
 341               		.type	CardPresent, @function
 342               	CardPresent:
GAS LISTING C:\Users\mauro\AppData\Local\Temp\/ccVsQMqi.s 			page 7


 343               	/* prologue: frame size=0 */
 344               	/* prologue end (size=0) */
 345               	.L65:
 346 0260 8091 0000 		lds r24,CardPresentFlag
 347 0264 8093 0000 		sts OldCardStatus.2542,r24
 348               	.L66:
 349 0268 8091 0000 		lds r24,CardPresentFlag
 350 026c 8130      		cpi r24,lo8(1)
 351 026e 01F4      		brne .L46
 352 0270 8091 0000 		lds r24,OldCardStatus.2542
 353 0274 8823      		tst r24
 354 0276 01F4      		brne .L48
 355 0278 80E0      		ldi r24,lo8(__c.2543)
 356 027a 90E0      		ldi r25,hi8(__c.2543)
 357 027c 9F93      		push r25
 358 027e 8F93      		push r24
 359 0280 86EE      		ldi r24,lo8(-26)
 360 0282 8F93      		push r24
 361 0284 0E94 0000 		call LogMsg_P
 362 0288 0E94 0000 		call CardInitCard
 363 028c 0F90      		pop __tmp_reg__
 364 028e 0F90      		pop __tmp_reg__
 365 0290 0F90      	 	pop __tmp_reg__
 366 0292 892B      		or r24,r25
 367 0294 01F4      		brne .L65
 368 0296 80E1      		ldi r24,lo8(16)
 369 0298 0E94 0000 		call KbInjectKey
 370 029c 00C0      		rjmp .L65
 371               	.L46:
 372 029e 8823      		tst r24
 373 02a0 01F4      		brne .L48
 374 02a2 8091 0000 		lds r24,OldCardStatus.2542
 375 02a6 8130      		cpi r24,lo8(1)
 376 02a8 01F4      		brne .L48
 377 02aa 80E0      		ldi r24,lo8(__c.2545)
 378 02ac 90E0      		ldi r25,hi8(__c.2545)
 379 02ae 9F93      		push r25
 380 02b0 8F93      		push r24
 381 02b2 86EE      		ldi r24,lo8(-26)
 382 02b4 8F93      		push r24
 383 02b6 0E94 0000 		call LogMsg_P
 384 02ba 8091 0000 		lds r24,CardPresentFlag
 385 02be 8093 0000 		sts OldCardStatus.2542,r24
 386 02c2 0F90      		pop __tmp_reg__
 387 02c4 0F90      		pop __tmp_reg__
 388 02c6 0F90      	 	pop __tmp_reg__
 389 02c8 00C0      		rjmp .L66
 390               	.L48:
 391 02ca 64EF      		ldi r22,lo8(500)
 392 02cc 71E0      		ldi r23,hi8(500)
 393 02ce 80E0      		ldi r24,hlo8(500)
 394 02d0 90E0      		ldi r25,hhi8(500)
 395 02d2 0E94 0000 		call NutSleep
 396 02d6 00C0      		rjmp .L66
 397               	/* epilogue: frame size=0 */
 398               	/* epilogue: noreturn */
 399               	/* epilogue end (size=0) */
GAS LISTING C:\Users\mauro\AppData\Local\Temp\/ccVsQMqi.s 			page 8


 400               	/* function CardPresent size 60 (60) */
 401               		.size	CardPresent, .-CardPresent
 402               		.section	.progmem.data,"a",@progbits
 403               		.type	__c.2567, @object
 404               		.size	__c.2567, 14
 405               	__c.2567:
 406 0000 5468 7265 		.string	"Thread failed"
 406      6164 2066 
 406      6169 6C65 
 406      6400 
 407               		.type	__c.2565, @object
 408               		.size	__c.2565, 9
 409               	__c.2565:
 410 000e 4361 7264 		.string	"CardPres"
 410      5072 6573 
 410      00
 411               		.type	__c.2545, @object
 412               		.size	__c.2545, 13
 413               	__c.2545:
 414 0017 4361 7264 		.string	"Card removed"
 414      2072 656D 
 414      6F76 6564 
 414      00
 415               		.type	__c.2543, @object
 416               		.size	__c.2543, 14
 417               	__c.2543:
 418 0024 4361 7264 		.string	"Card inserted"
 418      2069 6E73 
 418      6572 7465 
 418      6400 
 419               		.lcomm OldCardStatus.2542,1
 420               		.type	__c.2521, @object
 421               		.size	__c.2521, 47
 422               	__c.2521:
 423 0032 4572 726F 		.string	"Error initialising File system and Card-driver"
 423      7220 696E 
 423      6974 6961 
 423      6C69 7369 
 423      6E67 2046 
 424               		.type	__c.2519, @object
 425               		.size	__c.2519, 13
 426               	__c.2519:
 427 0061 4361 7264 		.string	"Card mounted"
 427      206D 6F75 
 427      6E74 6564 
 427      00
 428               		.type	__c.2516, @object
 429               		.size	__c.2516, 18
 430               	__c.2516:
 431 006e 476F 7474 		.string	"Gotta do Fat init"
 431      6120 646F 
 431      2046 6174 
 431      2069 6E69 
 431      7400 
 432               		.type	__c.2514, @object
 433               		.size	__c.2514, 13
 434               	__c.2514:
GAS LISTING C:\Users\mauro\AppData\Local\Temp\/ccVsQMqi.s 			page 9


 435 0080 446F 6E65 		.string	"Done already"
 435      2061 6C72 
 435      6561 6479 
 435      00
 436               		.lcomm CardPresentFlag,1
 437               		.lcomm ValidateCounter,1
 438               		.lcomm CardState,2
 439               		.lcomm g_tStatus,2
 440               	/* File "source/mmc.c": code  365 = 0x016d ( 313), prologues  25, epilogues  27 */
GAS LISTING C:\Users\mauro\AppData\Local\Temp\/ccVsQMqi.s 			page 10


DEFINED SYMBOLS
                            *ABS*:00000000 mmc.c
C:\Users\mauro\AppData\Local\Temp\/ccVsQMqi.s:3      *ABS*:0000003f __SREG__
C:\Users\mauro\AppData\Local\Temp\/ccVsQMqi.s:4      *ABS*:0000003e __SP_H__
C:\Users\mauro\AppData\Local\Temp\/ccVsQMqi.s:5      *ABS*:0000003d __SP_L__
C:\Users\mauro\AppData\Local\Temp\/ccVsQMqi.s:6      *ABS*:00000000 __tmp_reg__
C:\Users\mauro\AppData\Local\Temp\/ccVsQMqi.s:7      *ABS*:00000001 __zero_reg__
C:\Users\mauro\AppData\Local\Temp\/ccVsQMqi.s:13     .text:00000000 CardCheckCard
C:\Users\mauro\AppData\Local\Temp\/ccVsQMqi.s:437    .bss:00000003 CardState
C:\Users\mauro\AppData\Local\Temp\/ccVsQMqi.s:436    .bss:00000002 ValidateCounter
C:\Users\mauro\AppData\Local\Temp\/ccVsQMqi.s:419    .bss:00000001 CardPresentFlag
C:\Users\mauro\AppData\Local\Temp\/ccVsQMqi.s:91     .text:0000009e CardCheckPresent
C:\Users\mauro\AppData\Local\Temp\/ccVsQMqi.s:103    .text:000000a6 CardStatus
C:\Users\mauro\AppData\Local\Temp\/ccVsQMqi.s:438    .bss:00000005 g_tStatus
C:\Users\mauro\AppData\Local\Temp\/ccVsQMqi.s:115    .text:000000b0 CardClose
C:\Users\mauro\AppData\Local\Temp\/ccVsQMqi.s:125    .text:000000b2 CardInit
C:\Users\mauro\AppData\Local\Temp\/ccVsQMqi.s:409    .progmem.data:0000000e __c.2565
C:\Users\mauro\AppData\Local\Temp\/ccVsQMqi.s:342    .text:00000260 CardPresent
C:\Users\mauro\AppData\Local\Temp\/ccVsQMqi.s:405    .progmem.data:00000000 __c.2567
C:\Users\mauro\AppData\Local\Temp\/ccVsQMqi.s:192    .text:00000132 CardInitCard
C:\Users\mauro\AppData\Local\Temp\/ccVsQMqi.s:434    .progmem.data:00000080 __c.2514
C:\Users\mauro\AppData\Local\Temp\/ccVsQMqi.s:430    .progmem.data:0000006e __c.2516
C:\Users\mauro\AppData\Local\Temp\/ccVsQMqi.s:426    .progmem.data:00000061 __c.2519
C:\Users\mauro\AppData\Local\Temp\/ccVsQMqi.s:422    .progmem.data:00000032 __c.2521
                             .bss:00000000 OldCardStatus.2542
C:\Users\mauro\AppData\Local\Temp\/ccVsQMqi.s:417    .progmem.data:00000024 __c.2543
C:\Users\mauro\AppData\Local\Temp\/ccVsQMqi.s:413    .progmem.data:00000017 __c.2545

UNDEFINED SYMBOLS
__do_copy_data
__do_clear_bss
strcpy_P
GetThreadByName
NutThreadCreate
LogMsg_P
devFAT
NutDeviceLookup
VsPlayerInterrupts
NutRegisterDevice
devFATMMC0
FATRelease
_open
_close
KbInjectKey
NutSleep
